c:\users\a01\source\repos\chess\debug\vc141.pdb
c:\users\a01\source\repos\chess\debug\vc141.idb
c:\users\a01\source\repos\chess\debug\소스.obj
c:\users\a01\source\repos\chess\debug\mapmanager.obj
c:\users\a01\source\repos\chess\debug\map.obj
c:\users\a01\source\repos\chess\debug\gamemanager.obj
c:\users\a01\source\repos\chess\debug\bitmapmanager.obj
c:\users\a01\source\repos\chess\debug\bitmap.obj
c:\users\a01\source\repos\chess\debug\piecemanager.obj
c:\users\a01\source\repos\chess\debug\piece.obj
c:\users\a01\source\repos\chess\debug\player.obj
c:\users\a01\source\repos\debug\chess.exe
c:\users\a01\source\repos\debug\chess.ilk
c:\users\a01\source\repos\debug\chess.pdb
c:\users\a01\source\repos\chess\debug\chess.tlog\cl.command.1.tlog
c:\users\a01\source\repos\chess\debug\chess.tlog\cl.read.1.tlog
c:\users\a01\source\repos\chess\debug\chess.tlog\cl.write.1.tlog
c:\users\a01\source\repos\chess\debug\chess.tlog\link.command.1.tlog
c:\users\a01\source\repos\chess\debug\chess.tlog\link.read.1.tlog
c:\users\a01\source\repos\chess\debug\chess.tlog\link.write.1.tlog
