c:\users\a01\source\repos\battlecity\debug\vc141.pdb
c:\users\a01\source\repos\battlecity\debug\vc141.idb
c:\users\a01\source\repos\battlecity\debug\소스.obj
c:\users\a01\source\repos\battlecity\debug\mapmanager.obj
c:\users\a01\source\repos\battlecity\debug\map.obj
c:\users\a01\source\repos\battlecity\debug\bitmapmanager.obj
c:\users\a01\source\repos\battlecity\debug\bitmap.obj
c:\users\a01\source\repos\battlecity\debug\battlecity.obj
c:\users\a01\source\repos\battlecity\debug\tank.obj
c:\users\a01\source\repos\battlecity\debug\player.obj
c:\users\a01\source\repos\battlecity\debug\enery.obj
c:\users\a01\source\repos\battlecity\debug\battlecity.exe
c:\users\a01\source\repos\battlecity\debug\battlecity.ilk
c:\users\a01\source\repos\battlecity\debug\battlecity.pdb
c:\users\a01\source\repos\battlecity\debug\battlecity.tlog\cl.command.1.tlog
c:\users\a01\source\repos\battlecity\debug\battlecity.tlog\cl.read.1.tlog
c:\users\a01\source\repos\battlecity\debug\battlecity.tlog\cl.write.1.tlog
c:\users\a01\source\repos\battlecity\debug\battlecity.tlog\link.command.1.tlog
c:\users\a01\source\repos\battlecity\debug\battlecity.tlog\link.read.1.tlog
c:\users\a01\source\repos\battlecity\debug\battlecity.tlog\link.write.1.tlog
