c:\users\a01\source\repos\minesweeper\debug\vc141.pdb
c:\users\a01\source\repos\minesweeper\debug\vc141.idb
c:\users\a01\source\repos\minesweeper\debug\소스.obj
c:\users\a01\source\repos\minesweeper\debug\player.obj
c:\users\a01\source\repos\minesweeper\debug\minesweeper.obj
c:\users\a01\source\repos\minesweeper\debug\interface.obj
c:\users\a01\source\repos\minesweeper\debug\bitmapmanager.obj
c:\users\a01\source\repos\minesweeper\debug\bitmap.obj
c:\users\a01\source\repos\minesweeper\debug\mapmanager.obj
c:\users\a01\source\repos\minesweeper\debug\map.obj
c:\users\a01\source\repos\minesweeper\debug\minesweeper.res
c:\users\a01\source\repos\debug\minesweeper.pdb
c:\users\a01\source\repos\minesweeper\debug\minesweeper.tlog\cl.command.1.tlog
c:\users\a01\source\repos\minesweeper\debug\minesweeper.tlog\cl.read.1.tlog
c:\users\a01\source\repos\minesweeper\debug\minesweeper.tlog\cl.write.1.tlog
c:\users\a01\source\repos\minesweeper\debug\minesweeper.tlog\link-cvtres.read.1.tlog
c:\users\a01\source\repos\minesweeper\debug\minesweeper.tlog\link-cvtres.write.1.tlog
c:\users\a01\source\repos\minesweeper\debug\minesweeper.tlog\link-rc.read.1.tlog
c:\users\a01\source\repos\minesweeper\debug\minesweeper.tlog\link-rc.write.1.tlog
c:\users\a01\source\repos\minesweeper\debug\minesweeper.tlog\link.6824-cvtres.read.1.tlog
c:\users\a01\source\repos\minesweeper\debug\minesweeper.tlog\link.6824-cvtres.write.1.tlog
c:\users\a01\source\repos\minesweeper\debug\minesweeper.tlog\link.6824-rc.read.1.tlog
c:\users\a01\source\repos\minesweeper\debug\minesweeper.tlog\link.6824-rc.write.1.tlog
c:\users\a01\source\repos\minesweeper\debug\minesweeper.tlog\link.6824.read.1.tlog
c:\users\a01\source\repos\minesweeper\debug\minesweeper.tlog\link.6824.write.1.tlog
c:\users\a01\source\repos\minesweeper\debug\minesweeper.tlog\link.command.1.tlog
c:\users\a01\source\repos\minesweeper\debug\minesweeper.tlog\link.read.1.tlog
c:\users\a01\source\repos\minesweeper\debug\minesweeper.tlog\link.write.1.tlog
c:\users\a01\source\repos\minesweeper\debug\minesweeper.tlog\rc.command.1.tlog
c:\users\a01\source\repos\minesweeper\debug\minesweeper.tlog\rc.read.1.tlog
c:\users\a01\source\repos\minesweeper\debug\minesweeper.tlog\rc.write.1.tlog
